[2026-05-18T10:32:30.817Z] Application started
[2026-05-18T10:32:30.819Z] Fetching notifications from API
[2026-05-18T10:32:30.851Z] API Error: Request failed with status code 401
[2026-05-18T10:32:30.852Z] Fetched 0 notifications
[2026-05-18T10:32:30.852Z] Started sorting notifications
[2026-05-18T10:32:30.852Z] Sorting completed
[2026-05-18T10:32:30.853Z] Application completed
[2026-05-18T10:34:02.658Z] Application started
[2026-05-18T10:34:02.659Z] Fetching notifications from API
[2026-05-18T10:34:02.660Z] API Error: Cannot read properties of undefined (reading 'eyJNYXBDbGFpbXMiOnsiYXVkIjoiaHR0cDovLzIwLjI0NC41Ni4xNDQvZXZhbHVhdGlvbi1zZXJ2aWNlIiwiZW1haWwiOiIyMzUxMDcxNi5keXBpdEBkeXB2cC5lZHUuaW4iLCJleHAiOjE3NzkxMDA0NjQsImlhdCI6MTc3OTA5OTU2NCwiaXNzIjoiQWZmb3JkIE1lZGljYWwgVGVjaG5vbG9naWVzIFByaXZhdGUgTGltaXRlZCIsImp0aSI6IjgzNzE1YWFmLTNjNDgtNDVmNi05NzBhLTAxYzJiNTE4ZDBhZCIsImxvY2FsZSI6ImVuLUlOIiwibmFtZSI6ImFkaXR5YSBuaWthbSIsInN1YiI6IjFiZDQ4YmQwLWI2M2EtNDA0Mi04NjVhLTVjYzM5ODFiMDZkNyJ9LCJlbWFpbCI6IjIzNTEwNzE2LmR5cGl0QGR5cHZwLmVkdS5pbiIsIm5hbWUiOiJhZGl0eWEgbmlrYW0iLCJyb2xsTm8iOiIyMzUxMDcxNiIsImFjY2Vzc0NvZGUiOiJmekVRU1EiLCJjbGllbnRJRCI6IjFiZDQ4YmQwLWI2M2EtNDA0Mi04NjVhLTVjYzM5ODFiMDZkNyIsImNsaWVudFNlY3JldCI6IlBUWFZNRmZ2SHh6WXpUaHgifQ')
[2026-05-18T10:34:02.660Z] Fetched 0 notifications
[2026-05-18T10:34:02.661Z] Started sorting notifications
[2026-05-18T10:34:02.661Z] Sorting completed
[2026-05-18T10:34:02.662Z] Application completed
[2026-05-18T10:34:37.413Z] Application started
[2026-05-18T10:34:37.415Z] Fetching notifications from API
[2026-05-18T10:34:37.415Z] API Error: Cannot read properties of undefined (reading 'eyJNYXBDbGFpbXMiOnsiYXVkIjoiaHR0cDovLzIwLjI0NC41Ni4xNDQvZXZhbHVhdGlvbi1zZXJ2aWNlIiwiZW1haWwiOiIyMzUxMDcxNi5keXBpdEBkeXB2cC5lZHUuaW4iLCJleHAiOjE3NzkxMDA0NjQsImlhdCI6MTc3OTA5OTU2NCwiaXNzIjoiQWZmb3JkIE1lZGljYWwgVGVjaG5vbG9naWVzIFByaXZhdGUgTGltaXRlZCIsImp0aSI6IjgzNzE1YWFmLTNjNDgtNDVmNi05NzBhLTAxYzJiNTE4ZDBhZCIsImxvY2FsZSI6ImVuLUlOIiwibmFtZSI6ImFkaXR5YSBuaWthbSIsInN1YiI6IjFiZDQ4YmQwLWI2M2EtNDA0Mi04NjVhLTVjYzM5ODFiMDZkNyJ9LCJlbWFpbCI6IjIzNTEwNzE2LmR5cGl0QGR5cHZwLmVkdS5pbiIsIm5hbWUiOiJhZGl0eWEgbmlrYW0iLCJyb2xsTm8iOiIyMzUxMDcxNiIsImFjY2Vzc0NvZGUiOiJmekVRU1EiLCJjbGllbnRJRCI6IjFiZDQ4YmQwLWI2M2EtNDA0Mi04NjVhLTVjYzM5ODFiMDZkNyIsImNsaWVudFNlY3JldCI6IlBUWFZNRmZ2SHh6WXpUaHgifQ')
[2026-05-18T10:34:37.416Z] Fetched 0 notifications
[2026-05-18T10:34:37.416Z] Started sorting notifications
[2026-05-18T10:34:37.416Z] Sorting completed
[2026-05-18T10:34:37.417Z] Application completed
[2026-05-18T10:35:20.735Z] Application started
[2026-05-18T10:35:20.737Z] Fetching notifications from API
[2026-05-18T10:35:20.780Z] API Error: Request failed with status code 401
[2026-05-18T10:35:20.780Z] Fetched 0 notifications
[2026-05-18T10:35:20.781Z] Started sorting notifications
[2026-05-18T10:35:20.781Z] Sorting completed
[2026-05-18T10:35:20.781Z] Application completed
[2026-05-18T10:37:26.215Z] Application started
[2026-05-18T10:37:26.217Z] Fetching notifications from API
[2026-05-18T10:37:26.248Z] API Error: Request failed with status code 401
[2026-05-18T10:37:26.248Z] Fetched 0 notifications
[2026-05-18T10:37:26.249Z] Started sorting notifications
[2026-05-18T10:37:26.249Z] Sorting completed
[2026-05-18T10:37:26.249Z] Application completed
[2026-05-18T10:37:44.342Z] Application started
[2026-05-18T10:37:44.343Z] Fetching notifications from API
[2026-05-18T10:37:44.374Z] API Error: Request failed with status code 401
[2026-05-18T10:37:44.374Z] Fetched 0 notifications
[2026-05-18T10:37:44.375Z] Started sorting notifications
[2026-05-18T10:37:44.375Z] Sorting completed
[2026-05-18T10:37:44.375Z] Application completed
[2026-05-18T10:38:50.904Z] Application started
[2026-05-18T10:38:50.905Z] Fetching notifications from API
[2026-05-18T10:38:50.938Z] API Error: Request failed with status code 401
[2026-05-18T10:38:50.939Z] Fetched 0 notifications
[2026-05-18T10:38:50.939Z] Started sorting notifications
[2026-05-18T10:38:50.939Z] Sorting completed
[2026-05-18T10:38:50.939Z] Application completed
[2026-05-18T10:40:20.211Z] Application started
[2026-05-18T10:40:20.252Z] API Error: Request failed with status code 401
[2026-05-18T10:40:20.253Z] Fetched 0 notifications
[2026-05-18T10:40:20.253Z] Started sorting notifications
[2026-05-18T10:40:20.253Z] Sorting completed
[2026-05-18T10:40:20.255Z] Application completed
[2026-05-18T10:41:23.299Z] Application started
[2026-05-18T10:41:23.359Z] API Error: Request failed with status code 401
[2026-05-18T10:41:23.359Z] Fetched 0 notifications
[2026-05-18T10:41:23.360Z] Started sorting notifications
[2026-05-18T10:41:23.360Z] Sorting completed
[2026-05-18T10:41:23.361Z] Application completed
[2026-05-18T10:43:53.142Z] Application started
[2026-05-18T10:43:53.185Z] API Error: Request failed with status code 401
[2026-05-18T10:43:53.185Z] Fetched 0 notifications
[2026-05-18T10:43:53.185Z] Started sorting notifications
[2026-05-18T10:43:53.186Z] Sorting completed
[2026-05-18T10:43:53.186Z] Application completed
[2026-05-18T10:45:13.000Z] Application started
[2026-05-18T10:45:13.001Z] Fetching notifications from API
[2026-05-18T10:45:13.026Z] API Error: Request failed with status code 401
[2026-05-18T10:45:13.026Z] Fetched 0 notifications
[2026-05-18T10:45:13.026Z] Started sorting notifications
[2026-05-18T10:45:13.027Z] Sorting completed
[2026-05-18T10:45:13.027Z] Application completed
[2026-05-18T10:47:30.516Z] Application started
[2026-05-18T10:47:30.517Z] Fetching notifications from API
[2026-05-18T10:47:30.549Z] API Error: Request failed with status code 401
[2026-05-18T10:47:30.549Z] Fetched 0 notifications
[2026-05-18T10:47:30.549Z] Started sorting notifications
[2026-05-18T10:47:30.550Z] Sorting completed
[2026-05-18T10:47:30.550Z] Application completed
[2026-05-18T10:49:37.897Z] Application started
[2026-05-18T10:49:37.897Z] Fetching notifications from API
[2026-05-18T10:49:37.919Z] API Error: Request failed with status code 401
[2026-05-18T10:49:37.920Z] Fetched 0 notifications
[2026-05-18T10:49:37.920Z] Started sorting notifications
[2026-05-18T10:49:37.920Z] Sorting completed
[2026-05-18T10:49:37.920Z] Application completed
[2026-05-18T10:59:14.562Z] Application started
[2026-05-18T10:59:14.563Z] Fetching notifications from API
[2026-05-18T10:59:14.629Z] API Error: Request failed with status code 401
[2026-05-18T10:59:14.631Z] Fetched 0 notifications
[2026-05-18T10:59:14.631Z] Started sorting notifications
[2026-05-18T10:59:14.632Z] Sorting completed
[2026-05-18T10:59:14.632Z] Application completed
[2026-05-18T11:00:48.712Z] Application started
[2026-05-18T11:00:48.714Z] Fetching notifications from API
[2026-05-18T11:00:48.834Z] API Error: Request failed with status code 401
[2026-05-18T11:00:48.835Z] Fetched 0 notifications
[2026-05-18T11:00:48.836Z] Started sorting notifications
[2026-05-18T11:00:48.836Z] Sorting completed
[2026-05-18T11:00:48.836Z] Application completed
[2026-05-18T11:07:59.291Z] Application started
[2026-05-18T11:07:59.293Z] Fetching notifications from API
[2026-05-18T11:07:59.369Z] API Error: Request failed with status code 401
[2026-05-18T11:07:59.370Z] Fetched 0 notifications
[2026-05-18T11:07:59.370Z] Started sorting notifications
[2026-05-18T11:07:59.370Z] Sorting completed
[2026-05-18T11:07:59.373Z] Application completed
[2026-05-18T11:08:02.853Z] Application started
[2026-05-18T11:08:02.856Z] Fetching notifications from API
[2026-05-18T11:08:02.936Z] API Error: Request failed with status code 401
[2026-05-18T11:08:02.937Z] Fetched 0 notifications
[2026-05-18T11:08:02.937Z] Started sorting notifications
[2026-05-18T11:08:02.937Z] Sorting completed
[2026-05-18T11:08:02.940Z] Application completed
[2026-05-18T11:08:05.705Z] Application started
[2026-05-18T11:08:05.706Z] Fetching notifications from API
[2026-05-18T11:08:05.782Z] API Error: Request failed with status code 401
[2026-05-18T11:08:05.783Z] Fetched 0 notifications
[2026-05-18T11:08:05.783Z] Started sorting notifications
[2026-05-18T11:08:05.784Z] Sorting completed
[2026-05-18T11:08:05.791Z] Application completed
[2026-05-18T11:48:19.686Z] Application started
[2026-05-18T11:48:19.688Z] Fetching notifications from API
[2026-05-18T11:48:19.789Z] API Error: Request failed with status code 401
[2026-05-18T11:48:19.790Z] Fetched 0 notifications
[2026-05-18T11:48:19.791Z] Started sorting notifications
[2026-05-18T11:48:19.791Z] Sorting completed
[2026-05-18T11:48:19.792Z] Application completed
[2026-05-18T11:50:08.930Z] Application started
[2026-05-18T11:50:08.932Z] Fetching notifications from API
[2026-05-18T11:50:08.932Z] Using sample notifications
[2026-05-18T11:50:08.933Z] Fetched 3 notifications
[2026-05-18T11:50:08.933Z] Started sorting notifications
[2026-05-18T11:50:08.934Z] Sorting completed
[2026-05-18T11:50:08.937Z] Application completed
